빌드 시작: 2019-07-23 오후 4:08:41
     1>2 노드의 "C:\Users\BOBBY\MyProject\EducationApp8th\EducationApp8th\EducationApp8th.vcxproj" 프로젝트(build 대상)입니다.
     1>InitializeBuildStatus:
         "AlwaysCreate"이(가) 지정되었기 때문에 "Debug\EducationApp8th.unsuccessfulbuild"을(를) 만들고 있습니다.
       ClCompile:
         c:\Program Files (x86)\Microsoft Visual Studio 10.0\VC\bin\CL.exe /c /ZI /nologo /W3 /WX- /Od /Oy- /D WIN32 /D _DEBUG /D _CONSOLE /D _UNICODE /D UNICODE /Gm /EHsc /RTC1 /MDd /GS /fp:precise /Zc:wchar_t /Zc:forScope /Fo"Debug\\" /Fd"Debug\vc100.pdb" /Gd /TP /analyze- /errorReport:prompt sm.cpp
         sm.cpp
     1>c:\users\bobby\myproject\educationapp8th\educationapp8th\sm.cpp(25): warning C4244: '인수' : 'time_t'에서 'unsigned int'(으)로 변환하면서 데이터가 손실될 수 있습니다.
     1>c:\users\bobby\myproject\educationapp8th\educationapp8th\sm.cpp(48): warning C4102: 'deafault' : 참조되지 않은 레이블입니다.
     1>c:\users\bobby\myproject\educationapp8th\educationapp8th\sm.cpp(71): warning C4996: 'scanf': This function or variable may be unsafe. Consider using scanf_s instead. To disable deprecation, use _CRT_SECURE_NO_WARNINGS. See online help for details.
                 c:\program files (x86)\microsoft visual studio 10.0\vc\include\stdio.h(304) : 'scanf' 선언을 참조하십시오.
     1>c:\users\bobby\myproject\educationapp8th\educationapp8th\sm.cpp(86): warning C4996: 'scanf': This function or variable may be unsafe. Consider using scanf_s instead. To disable deprecation, use _CRT_SECURE_NO_WARNINGS. See online help for details.
                 c:\program files (x86)\microsoft visual studio 10.0\vc\include\stdio.h(304) : 'scanf' 선언을 참조하십시오.
       Link:
         c:\Program Files (x86)\Microsoft Visual Studio 10.0\VC\bin\link.exe /ERRORREPORT:PROMPT /OUT:"C:\Users\BOBBY\MyProject\EducationApp8th\Debug\EducationApp8th.exe" /INCREMENTAL /NOLOGO kernel32.lib user32.lib gdi32.lib winspool.lib comdlg32.lib advapi32.lib shell32.lib ole32.lib oleaut32.lib uuid.lib odbc32.lib odbccp32.lib /MANIFEST /ManifestFile:"Debug\EducationApp8th.exe.intermediate.manifest" /MANIFESTUAC:"level='asInvoker' uiAccess='false'" /DEBUG /PDB:"C:\Users\BOBBY\MyProject\EducationApp8th\Debug\EducationApp8th.pdb" /SUBSYSTEM:CONSOLE /TLBID:1 /DYNAMICBASE /NXCOMPAT /IMPLIB:"C:\Users\BOBBY\MyProject\EducationApp8th\Debug\EducationApp8th.lib" /MACHINE:X86 Debug\first.obj
         Debug\sm.obj
         EducationApp8th.vcxproj -> C:\Users\BOBBY\MyProject\EducationApp8th\Debug\EducationApp8th.exe
       Manifest:
         C:\Program Files (x86)\Microsoft SDKs\Windows\v7.0A\bin\mt.exe /nologo /verbose /out:"C:\Users\BOBBY\MyProject\EducationApp8th\Debug\EducationApp8th.exe.manifest" /manifest Debug\EducationApp8th.exe.intermediate.manifest
       FinalizeBuildStatus:
         "Debug\EducationApp8th.unsuccessfulbuild" 파일을 삭제하고 있습니다.
         "Debug\EducationApp8th.lastbuildstate"에 연결(touching)하고 있습니다.
     1>"C:\Users\BOBBY\MyProject\EducationApp8th\EducationApp8th\EducationApp8th.vcxproj" 프로젝트를 빌드했습니다(build 대상).

빌드했습니다.

경과 시간: 00:00:01.21
